{
  "stats": {
    "suites": 1,
    "tests": 12,
    "passes": 12,
    "pending": 0,
    "failures": 0,
    "start": "2023-10-11T16:10:47.905Z",
    "end": "2023-10-11T16:12:04.358Z",
    "duration": 76453,
    "testsRegistered": 12,
    "passPercent": 100,
    "pendingPercent": 0,
    "other": 0,
    "hasOther": false,
    "skipped": 0,
    "hasSkipped": false
  },
  "results": [
    {
      "uuid": "8ce26352-95d5-4c36-90b8-dcfce5a656ce",
      "title": "",
      "fullFile": "cypress\\e2e\\Yvytu\\yvytuHome.cy.js",
      "file": "cypress\\e2e\\Yvytu\\yvytuHome.cy.js",
      "beforeHooks": [],
      "afterHooks": [],
      "tests": [],
      "suites": [
        {
          "uuid": "63ba81f6-e9e9-4de5-a9ec-fdf732c3b78d",
          "title": "Test sobre la pagina YVYTU",
          "fullFile": "",
          "file": "",
          "beforeHooks": [],
          "afterHooks": [],
          "tests": [
            {
              "title": "Verificar barra de navegación - Iterar en Botones píldora",
              "fullTitle": "Test sobre la pagina YVYTU Verificar barra de navegación - Iterar en Botones píldora",
              "timedOut": null,
              "duration": 7055,
              "state": "passed",
              "speed": "medium",
              "pass": true,
              "fail": false,
              "pending": false,
              "context": null,
              "code": "const menu = [\"LA RESERVA\", \"CABAÑAS\", \"COMO LLEGAR\", \"CONTACTO\", \"DONÁ\"];\nYvytuHome.getMenuPillButtons().each((boton, indice) => {\n  cy.wrap(boton).should(\"have.text\", menu[indice]).and(\"be.visible\");\n});",
              "err": {},
              "uuid": "c95d1fa6-bcea-407e-b4ad-253f66b95242",
              "parentUUID": "63ba81f6-e9e9-4de5-a9ec-fdf732c3b78d",
              "isHook": false,
              "skipped": false
            },
            {
              "title": "Verificar Barra de Navegación - Iterar en Botones",
              "fullTitle": "Test sobre la pagina YVYTU Verificar Barra de Navegación - Iterar en Botones",
              "timedOut": null,
              "duration": 1824,
              "state": "passed",
              "speed": "fast",
              "pass": true,
              "fail": false,
              "pending": false,
              "context": null,
              "code": "const menu = [\"\", \"LA RESERVA\", \"CABAÑAS\", \"COMO LLEGAR\", \"CONTACTO\", \"DONÁ\"];\nYvytuHome.getMenuAllButton().each((boton, indice) => {\n  if (indice != 0) {\n    cy.wrap(boton).should(\"have.text\", menu[indice]);\n  }\n});",
              "err": {},
              "uuid": "2e2069d1-3b5a-4529-aec1-34445a4534e7",
              "parentUUID": "63ba81f6-e9e9-4de5-a9ec-fdf732c3b78d",
              "isHook": false,
              "skipped": false
            },
            {
              "title": "Verificar Imágenes del Banner Principal",
              "fullTitle": "Test sobre la pagina YVYTU Verificar Imágenes del Banner Principal",
              "timedOut": null,
              "duration": 5319,
              "state": "passed",
              "speed": "medium",
              "pass": true,
              "fail": false,
              "pending": false,
              "context": null,
              "code": "//El texto es /public/images/header-gallery/01.png y varía hasta 04\nconst bannerList = [\"01.png\", \"02.png\", \"03.png\", \"04.png\"];\nbannerList.forEach((banner, inx) => {\n  YvytuHome.getCurrentImageBanner().should(\"have.class\", `bg-[url('/public/images/header-gallery/${banner}')]`);\n  YvytuHome.getImgButton().its(\"length\").then(cantidad => {\n    if (cantidad != inx + 1) {\n      YvytuHome.getImgButton().eq(inx + 1).click();\n      cy.wait(1000);\n    }\n  });\n});",
              "err": {},
              "uuid": "2a43b948-ea7b-4e1e-8b20-ccafe7f3346c",
              "parentUUID": "63ba81f6-e9e9-4de5-a9ec-fdf732c3b78d",
              "isHook": false,
              "skipped": false
            },
            {
              "title": "Verificar comportamiento del botón Ir Arriba",
              "fullTitle": "Test sobre la pagina YVYTU Verificar comportamiento del botón Ir Arriba",
              "timedOut": null,
              "duration": 5794,
              "state": "passed",
              "speed": "medium",
              "pass": true,
              "fail": false,
              "pending": false,
              "context": null,
              "code": "YvytuHome.getIrArribaButton().should(\"not.be.visible\");\nYvytuHome.getGenericSubtitle().contains(\"Conocé una historia mágica.\").scrollIntoView();\nYvytuHome.getIrArribaButton().wait(1000) // Espera 1 segundo\n.should(\"be.visible\").and(\"have.text\", \"\\n            Ir arriba\\n          \").click();\nYvytuHome.getMenuPillButtons().each((boton, indice) => {\n  cy.wrap(boton).should(\"be.visible\");\n});",
              "err": {},
              "uuid": "58846bf5-1a43-4dc3-8755-111e7f89fc98",
              "parentUUID": "63ba81f6-e9e9-4de5-a9ec-fdf732c3b78d",
              "isHook": false,
              "skipped": false
            },
            {
              "title": "Verificar textos de la página",
              "fullTitle": "Test sobre la pagina YVYTU Verificar textos de la página",
              "timedOut": null,
              "duration": 4221,
              "state": "passed",
              "speed": "fast",
              "pass": true,
              "fail": false,
              "pending": false,
              "context": null,
              "code": "let inxPar = 0;\n//Leer el readme\ncy.fixture(\"textos_yvytu\").then(txt_yvytu => {\n  //Se toma cada elemento definido dentro del arrayJson que está en fixtures\n  //Se anidan forEach en forEach \n  txt_yvytu.forEach((elTexto, inx) => {\n    cy.log(`**VALIDACIÓN DEL TITULO: ${inx + 1}**`);\n    let yvyTitulo = elTexto.titulo;\n    //Se splitea el título del JSON con espacio para tomar cada palabra individual\n    yvyTitulo = yvyTitulo.split(\" \");\n    yvyTitulo.forEach(palabra => {\n      YvytuHome.getGenericSubtitle().eq(inx + 1).should(\"contain.text\", palabra);\n    });\n    //Verificar Párrafos\n    let yvyParrafos = elTexto.parrafos;\n    //\"Parrafos\" en el json contiene multiples parrafos\n    yvyParrafos.forEach(elParrafo => {\n      cy.log(`Validar Parrafo ${inxPar}: ${elParrafo}`);\n      YvytuHome.getGenericParrafo().eq(inxPar).invoke(\"text\").then(parr => {\n        cy.log(`Parrafo sin modificar: ${parr}`);\n        parr = parr.replace(/\\s+/g, \" \").trim();\n        cy.log(`Parrafo modificado: ${parr}`);\n        expect(parr).to.include(elParrafo);\n      });\n      inxPar++;\n    });\n  });\n});",
              "err": {},
              "uuid": "e3c8b466-114e-427f-953c-50a0a07d9cb4",
              "parentUUID": "63ba81f6-e9e9-4de5-a9ec-fdf732c3b78d",
              "isHook": false,
              "skipped": false
            },
            {
              "title": "Verificar Botón de Reservar",
              "fullTitle": "Test sobre la pagina YVYTU Verificar Botón de Reservar",
              "timedOut": null,
              "duration": 1459,
              "state": "passed",
              "speed": "fast",
              "pass": true,
              "fail": false,
              "pending": false,
              "context": null,
              "code": "YvytuHome.getGenericButton().contains(\"Reservar\").should(\"have.attr\", \"href\", \"https://wa.me/5493757454400\").and(\"have.attr\", \"target\", \"_blank\");\n//Primer test visual: have.css\nYvytuHome.getGenericButton().contains(\"Reservar\").should(\"have.css\", \"Background\", \"rgb(34, 153, 84) none repeat scroll 0% 0% / auto padding-box border-box\");",
              "err": {},
              "uuid": "85c0f6c7-7eaa-4a1c-aaf4-879fee8bd2a6",
              "parentUUID": "63ba81f6-e9e9-4de5-a9ec-fdf732c3b78d",
              "isHook": false,
              "skipped": false
            },
            {
              "title": "Verificar Reel de Imágenes",
              "fullTitle": "Test sobre la pagina YVYTU Verificar Reel de Imágenes",
              "timedOut": null,
              "duration": 2604,
              "state": "passed",
              "speed": "fast",
              "pass": true,
              "fail": false,
              "pending": false,
              "context": null,
              "code": "let arrayImagenes = [\"frase01.png\", \"noche.png\", \"pasafauna.png\", \"picaflor.png\", \"carpincho.png\", \"frase01.png\", \"noche.png\", \"pasafauna.png\", \"picaflor.png\", \"carpincho.png\", \"frase01.png\", \"noche.png\", \"pasafauna.png\", \"picaflor.png\"];\nYvytuHome.getReelImagenes().each((imagenes, index) => {\n  cy.wrap(imagenes).should(\"have.attr\", \"src\", `./public/images/gallery/${arrayImagenes[index]}`);\n});",
              "err": {},
              "uuid": "3e338a00-29fd-4da3-a764-b8e0c8fd866c",
              "parentUUID": "63ba81f6-e9e9-4de5-a9ec-fdf732c3b78d",
              "isHook": false,
              "skipped": false
            },
            {
              "title": "Verificar Imagenes de las Cabañas",
              "fullTitle": "Test sobre la pagina YVYTU Verificar Imagenes de las Cabañas",
              "timedOut": null,
              "duration": 1673,
              "state": "passed",
              "speed": "fast",
              "pass": true,
              "fail": false,
              "pending": false,
              "context": null,
              "code": "cy.log(\"**Todas las imagenes tienen como texto alternativo Imagen 1**\");\ncy.log(\"**YVYTU-015 Error texto alternativo**\");\nYvytuHome.getImgCabaniaYaguarete().should(\"have.attr\", \"src\", \"./public/images/cabana-gallery/01.png\").and(\"have.attr\", \"alt\", \"Foto de la fachada de la cabaña Yaguareté\");\nYvytuHome.getImgCabaniaArasari().should(\"have.attr\", \"src\", \"./public/images/cabana-gallery/01.png\").and(\"have.attr\", \"alt\", \"Foto de la fachada de la cabaña Yaguareté\");",
              "err": {},
              "uuid": "e01982fb-9581-4c4a-812a-69ba6270dfef",
              "parentUUID": "63ba81f6-e9e9-4de5-a9ec-fdf732c3b78d",
              "isHook": false,
              "skipped": false
            },
            {
              "title": "Verificar Botón de Donar",
              "fullTitle": "Test sobre la pagina YVYTU Verificar Botón de Donar",
              "timedOut": null,
              "duration": 1664,
              "state": "passed",
              "speed": "fast",
              "pass": true,
              "fail": false,
              "pending": false,
              "context": null,
              "code": "YvytuHome.getGenericButton().contains(\"Donar\").should(\"have.attr\", \"href\", \"https://cafecito.app/reserva-yvytu\").and(\"have.attr\", \"target\", \"_blank\");\nYvytuHome.getGenericButton().contains(\"Donar\").should(\"have.css\", \"Background\", \"rgb(34, 153, 84) none repeat scroll 0% 0% / auto padding-box border-box\");",
              "err": {},
              "uuid": "a5b13db4-30b0-492d-ae96-5a9522c4dd3e",
              "parentUUID": "63ba81f6-e9e9-4de5-a9ec-fdf732c3b78d",
              "isHook": false,
              "skipped": false
            },
            {
              "title": "Visual Tetsing de Yvytu usando Snapshoot",
              "fullTitle": "Test sobre la pagina YVYTU Visual Tetsing de Yvytu usando Snapshoot",
              "timedOut": null,
              "duration": 22755,
              "state": "passed",
              "speed": "slow",
              "pass": true,
              "fail": false,
              "pending": false,
              "context": "{\n  \"title\": \"cypress-mochawesome-reporter-screenshots\",\n  \"value\": [\n    [\n      \"\\\\yvytuHome.cy.js\\\\yvytuHome.cy-home-page.png\"\n    ]\n  ]\n}",
              "code": "cy.compareSnapshot(\"home-page\", 0.2); //Umbral del 20%",
              "err": {},
              "uuid": "ab749de6-fe9b-496a-8102-1fdf91bea4c3",
              "parentUUID": "63ba81f6-e9e9-4de5-a9ec-fdf732c3b78d",
              "isHook": false,
              "skipped": false
            },
            {
              "title": "Visual Tetsing de Yvytu usando Snapshoot en un elemento",
              "fullTitle": "Test sobre la pagina YVYTU Visual Tetsing de Yvytu usando Snapshoot en un elemento",
              "timedOut": null,
              "duration": 11502,
              "state": "passed",
              "speed": "slow",
              "pass": true,
              "fail": false,
              "pending": false,
              "context": "{\n  \"title\": \"cypress-mochawesome-reporter-screenshots\",\n  \"value\": [\n    [\n      \"\\\\yvytuHome.cy.js\\\\yvytuHome.cy-botones.png\"\n    ]\n  ]\n}",
              "code": "YvytuHome.getMenuPillButtons().parent().compareSnapshot(\"botones\");",
              "err": {},
              "uuid": "b096b3d4-909f-4f8b-b482-66f5dd433f6e",
              "parentUUID": "63ba81f6-e9e9-4de5-a9ec-fdf732c3b78d",
              "isHook": false,
              "skipped": false
            },
            {
              "title": "Visual testing del boton ir arriba",
              "fullTitle": "Test sobre la pagina YVYTU Visual testing del boton ir arriba",
              "timedOut": null,
              "duration": 2324,
              "state": "passed",
              "speed": "fast",
              "pass": true,
              "fail": false,
              "pending": false,
              "context": null,
              "code": "YvytuHome.getIrArribaButton().should(\"have.css\", \"background\", \"rgb(34, 153, 84) none repeat scroll 0% 0% / auto padding-box border-box\");",
              "err": {},
              "uuid": "16dea604-95ec-42dc-99ae-b7e4ba07d7d7",
              "parentUUID": "63ba81f6-e9e9-4de5-a9ec-fdf732c3b78d",
              "isHook": false,
              "skipped": false
            }
          ],
          "suites": [],
          "passes": [
            "c95d1fa6-bcea-407e-b4ad-253f66b95242",
            "2e2069d1-3b5a-4529-aec1-34445a4534e7",
            "2a43b948-ea7b-4e1e-8b20-ccafe7f3346c",
            "58846bf5-1a43-4dc3-8755-111e7f89fc98",
            "e3c8b466-114e-427f-953c-50a0a07d9cb4",
            "85c0f6c7-7eaa-4a1c-aaf4-879fee8bd2a6",
            "3e338a00-29fd-4da3-a764-b8e0c8fd866c",
            "e01982fb-9581-4c4a-812a-69ba6270dfef",
            "a5b13db4-30b0-492d-ae96-5a9522c4dd3e",
            "ab749de6-fe9b-496a-8102-1fdf91bea4c3",
            "b096b3d4-909f-4f8b-b482-66f5dd433f6e",
            "16dea604-95ec-42dc-99ae-b7e4ba07d7d7"
          ],
          "failures": [],
          "pending": [],
          "skipped": [],
          "duration": 68194,
          "root": false,
          "rootEmpty": false,
          "_timeout": 2000
        }
      ],
      "passes": [],
      "failures": [],
      "pending": [],
      "skipped": [],
      "duration": 0,
      "root": true,
      "rootEmpty": true,
      "_timeout": 2000
    }
  ],
  "meta": {
    "mocha": {
      "version": "7.0.1"
    },
    "mochawesome": {
      "options": {
        "quiet": false,
        "reportFilename": "mochawesome",
        "saveHtml": true,
        "saveJson": true,
        "consoleReporter": "spec",
        "useInlineDiffs": false,
        "code": true
      },
      "version": "7.1.3"
    },
    "marge": {
      "options": {
        "charts": true,
        "reportPageTitle": "Reporte Personalizable",
        "embeddedScreenshots": true,
        "inlineAssets": true,
        "saveAllAttempts": false
      },
      "version": "6.2.0"
    }
  }
}